Warning: you requested the nanomsg event logger, but bmv2 was compiled without -DBMELOG, and the event logger cannot be activated
Calling target program-options parser
[08:14:18.839] [bmv2] [D] [thread 28353] Set default default entry for table 'tbl_program232': program232 - 
[08:14:18.839] [bmv2] [D] [thread 28353] Set default default entry for table 'IDS_Ingress.signatures': NoAction - 
[08:14:18.839] [bmv2] [D] [thread 28353] Set default default entry for table 'IDS_Ingress.ipv4_lpm': NoAction - 
[08:14:18.839] [bmv2] [D] [thread 28353] Set default default entry for table 'IDS_Ingress.increment_cnt': IDS_Ingress.increment_counter - 
[08:14:18.839] [bmv2] [D] [thread 28353] Set default default entry for table 'IDS_Ingress.drop_pkt': IDS_Ingress.drop - 
Adding interface s3-eth1 as port 1
[08:14:18.842] [bmv2] [D] [thread 28353] Adding interface s3-eth1 as port 1
Adding interface s3-eth2 as port 2
[08:14:18.886] [bmv2] [D] [thread 28353] Adding interface s3-eth2 as port 2
Adding interface s3-eth3 as port 3
[08:14:18.934] [bmv2] [D] [thread 28353] Adding interface s3-eth3 as port 3
[08:14:18.978] [bmv2] [I] [thread 28353] Starting Thrift server on port 9092
[08:14:18.978] [bmv2] [I] [thread 28353] Thrift server was started
[08:14:19.011] [bmv2] [D] [thread 28359] [0.0] [cxt 0] Processing packet received on port 2
[08:14:19.011] [bmv2] [D] [thread 28359] [0.0] [cxt 0] Parser 'parser': start
[08:14:19.011] [bmv2] [D] [thread 28359] [0.0] [cxt 0] Parser 'parser' entering state 'start'
[08:14:19.011] [bmv2] [D] [thread 28359] [0.0] [cxt 0] Extracting header 'ethernet'
[08:14:19.011] [bmv2] [D] [thread 28359] [0.0] [cxt 0] Parser state 'start': key is 86dd
[08:14:19.011] [bmv2] [T] [thread 28359] [0.0] [cxt 0] Bytes parsed: 14
[08:14:19.011] [bmv2] [D] [thread 28359] [0.0] [cxt 0] Parser 'parser': end
[08:14:19.011] [bmv2] [D] [thread 28359] [0.0] [cxt 0] Pipeline 'ingress': start
[08:14:19.011] [bmv2] [T] [thread 28359] [0.0] [cxt 0] /home/p4/p4-prj/simple-IDS/ids_stateless/p4src/program.p4(230) Condition "hdr.ipv4.isValid()" (node_2) is false
[08:14:19.011] [bmv2] [D] [thread 28359] [0.0] [cxt 0] Pipeline 'ingress': end
[08:14:19.011] [bmv2] [D] [thread 28359] [0.0] [cxt 0] Egress port is 0
[08:14:19.011] [bmv2] [D] [thread 28360] [0.0] [cxt 0] Pipeline 'egress': start
[08:14:19.011] [bmv2] [D] [thread 28360] [0.0] [cxt 0] Pipeline 'egress': end
[08:14:19.011] [bmv2] [D] [thread 28360] [0.0] [cxt 0] Deparser 'deparser': start
[08:14:19.011] [bmv2] [T] [thread 28360] [0.0] [cxt 0] Skipping checksum 'cksum' update because condition not met
[08:14:19.011] [bmv2] [D] [thread 28360] [0.0] [cxt 0] Deparsing header 'ethernet'
[08:14:19.011] [bmv2] [D] [thread 28360] [0.0] [cxt 0] Deparser 'deparser': end
[08:14:19.011] [bmv2] [D] [thread 28364] [0.0] [cxt 0] Transmitting packet of size 90 out of port 0
[08:14:19.412] [bmv2] [T] [thread 28453] bm_get_config
[08:14:19.415] [bmv2] [T] [thread 28453] bm_set_default_action
[08:14:19.415] [bmv2] [D] [thread 28453] Set default entry for table 'IDS_Ingress.ipv4_lpm': IDS_Ingress.drop - 
[08:14:19.415] [bmv2] [T] [thread 28453] bm_table_add_entry
[08:14:19.415] [bmv2] [D] [thread 28453] Entry 0 added to table 'IDS_Ingress.ipv4_lpm'
[08:14:19.415] [bmv2] [D] [thread 28453] Dumping entry 0
Match key:
* hdr.ipv4.dstAddr    : LPM       0a000303/32
Action entry: IDS_Ingress.ipv4_forward - a000303,1,

[08:14:19.416] [bmv2] [T] [thread 28453] bm_table_add_entry
[08:14:19.416] [bmv2] [D] [thread 28453] Entry 1 added to table 'IDS_Ingress.ipv4_lpm'
[08:14:19.416] [bmv2] [D] [thread 28453] Dumping entry 1
Match key:
* hdr.ipv4.dstAddr    : LPM       0a000304/32
Action entry: IDS_Ingress.ipv4_forward - a000304,2,

[08:14:19.416] [bmv2] [T] [thread 28453] bm_table_add_entry
[08:14:19.416] [bmv2] [D] [thread 28453] Entry 2 added to table 'IDS_Ingress.ipv4_lpm'
[08:14:19.416] [bmv2] [D] [thread 28453] Dumping entry 2
Match key:
* hdr.ipv4.dstAddr    : LPM       0a000000/16
Action entry: IDS_Ingress.ipv4_forward - 10300,3,

