Warning: you requested the nanomsg event logger, but bmv2 was compiled without -DBMELOG, and the event logger cannot be activated
Calling target program-options parser
[08:14:18.514] [bmv2] [D] [thread 28327] Set default default entry for table 'tbl_program232': program232 - 
[08:14:18.515] [bmv2] [D] [thread 28327] Set default default entry for table 'IDS_Ingress.signatures': NoAction - 
[08:14:18.515] [bmv2] [D] [thread 28327] Set default default entry for table 'IDS_Ingress.ipv4_lpm': NoAction - 
[08:14:18.515] [bmv2] [D] [thread 28327] Set default default entry for table 'IDS_Ingress.increment_cnt': IDS_Ingress.increment_counter - 
[08:14:18.515] [bmv2] [D] [thread 28327] Set default default entry for table 'IDS_Ingress.drop_pkt': IDS_Ingress.drop - 
Adding interface s1-eth1 as port 1
[08:14:18.518] [bmv2] [D] [thread 28327] Adding interface s1-eth1 as port 1
Adding interface s1-eth2 as port 2
[08:14:18.558] [bmv2] [D] [thread 28327] Adding interface s1-eth2 as port 2
Adding interface s1-eth3 as port 3
[08:14:18.614] [bmv2] [D] [thread 28327] Adding interface s1-eth3 as port 3
Adding interface s1-cpu-eth0 as port 4
[08:14:18.650] [bmv2] [D] [thread 28327] Adding interface s1-cpu-eth0 as port 4
[08:14:18.679] [bmv2] [I] [thread 28327] Starting Thrift server on port 9090
[08:14:18.679] [bmv2] [I] [thread 28327] Thrift server was started
[08:14:18.680] [bmv2] [D] [thread 28333] [0.0] [cxt 0] Processing packet received on port 1
[08:14:18.680] [bmv2] [D] [thread 28333] [0.0] [cxt 0] Parser 'parser': start
[08:14:18.680] [bmv2] [D] [thread 28333] [0.0] [cxt 0] Parser 'parser' entering state 'start'
[08:14:18.680] [bmv2] [D] [thread 28333] [0.0] [cxt 0] Extracting header 'ethernet'
[08:14:18.680] [bmv2] [D] [thread 28333] [0.0] [cxt 0] Parser state 'start': key is 86dd
[08:14:18.680] [bmv2] [T] [thread 28333] [0.0] [cxt 0] Bytes parsed: 14
[08:14:18.680] [bmv2] [D] [thread 28333] [0.0] [cxt 0] Parser 'parser': end
[08:14:18.680] [bmv2] [D] [thread 28333] [0.0] [cxt 0] Pipeline 'ingress': start
[08:14:18.680] [bmv2] [T] [thread 28333] [0.0] [cxt 0] /home/p4/p4-prj/simple-IDS/ids_stateless/p4src/program.p4(230) Condition "hdr.ipv4.isValid()" (node_2) is false
[08:14:18.680] [bmv2] [D] [thread 28333] [0.0] [cxt 0] Pipeline 'ingress': end
[08:14:18.680] [bmv2] [D] [thread 28333] [0.0] [cxt 0] Egress port is 0
[08:14:18.681] [bmv2] [D] [thread 28334] [0.0] [cxt 0] Pipeline 'egress': start
[08:14:18.681] [bmv2] [D] [thread 28334] [0.0] [cxt 0] Pipeline 'egress': end
[08:14:18.681] [bmv2] [D] [thread 28334] [0.0] [cxt 0] Deparser 'deparser': start
[08:14:18.681] [bmv2] [T] [thread 28334] [0.0] [cxt 0] Skipping checksum 'cksum' update because condition not met
[08:14:18.681] [bmv2] [D] [thread 28334] [0.0] [cxt 0] Deparsing header 'ethernet'
[08:14:18.681] [bmv2] [D] [thread 28334] [0.0] [cxt 0] Deparser 'deparser': end
[08:14:18.681] [bmv2] [D] [thread 28338] [0.0] [cxt 0] Transmitting packet of size 86 out of port 0
[08:14:18.690] [bmv2] [D] [thread 28333] [1.0] [cxt 0] Processing packet received on port 2
[08:14:18.690] [bmv2] [D] [thread 28333] [1.0] [cxt 0] Parser 'parser': start
[08:14:18.690] [bmv2] [D] [thread 28333] [1.0] [cxt 0] Parser 'parser' entering state 'start'
[08:14:18.690] [bmv2] [D] [thread 28333] [1.0] [cxt 0] Extracting header 'ethernet'
[08:14:18.690] [bmv2] [D] [thread 28333] [1.0] [cxt 0] Parser state 'start': key is 86dd
[08:14:18.690] [bmv2] [T] [thread 28333] [1.0] [cxt 0] Bytes parsed: 14
[08:14:18.690] [bmv2] [D] [thread 28333] [1.0] [cxt 0] Parser 'parser': end
[08:14:18.690] [bmv2] [D] [thread 28333] [1.0] [cxt 0] Pipeline 'ingress': start
[08:14:18.690] [bmv2] [T] [thread 28333] [1.0] [cxt 0] /home/p4/p4-prj/simple-IDS/ids_stateless/p4src/program.p4(230) Condition "hdr.ipv4.isValid()" (node_2) is false
[08:14:18.690] [bmv2] [D] [thread 28333] [1.0] [cxt 0] Pipeline 'ingress': end
[08:14:18.690] [bmv2] [D] [thread 28333] [1.0] [cxt 0] Egress port is 0
[08:14:18.690] [bmv2] [D] [thread 28333] [2.0] [cxt 0] Processing packet received on port 3
[08:14:18.690] [bmv2] [D] [thread 28333] [2.0] [cxt 0] Parser 'parser': start
[08:14:18.690] [bmv2] [D] [thread 28333] [2.0] [cxt 0] Parser 'parser' entering state 'start'
[08:14:18.690] [bmv2] [D] [thread 28333] [2.0] [cxt 0] Extracting header 'ethernet'
[08:14:18.690] [bmv2] [D] [thread 28333] [2.0] [cxt 0] Parser state 'start': key is 86dd
[08:14:18.690] [bmv2] [T] [thread 28333] [2.0] [cxt 0] Bytes parsed: 14
[08:14:18.690] [bmv2] [D] [thread 28333] [2.0] [cxt 0] Parser 'parser': end
[08:14:18.690] [bmv2] [D] [thread 28333] [2.0] [cxt 0] Pipeline 'ingress': start
[08:14:18.690] [bmv2] [T] [thread 28333] [2.0] [cxt 0] /home/p4/p4-prj/simple-IDS/ids_stateless/p4src/program.p4(230) Condition "hdr.ipv4.isValid()" (node_2) is false
[08:14:18.690] [bmv2] [D] [thread 28333] [2.0] [cxt 0] Pipeline 'ingress': end
[08:14:18.690] [bmv2] [D] [thread 28333] [2.0] [cxt 0] Egress port is 0
[08:14:18.690] [bmv2] [D] [thread 28334] [1.0] [cxt 0] Pipeline 'egress': start
[08:14:18.690] [bmv2] [D] [thread 28334] [1.0] [cxt 0] Pipeline 'egress': end
[08:14:18.690] [bmv2] [D] [thread 28334] [1.0] [cxt 0] Deparser 'deparser': start
[08:14:18.690] [bmv2] [T] [thread 28334] [1.0] [cxt 0] Skipping checksum 'cksum' update because condition not met
[08:14:18.690] [bmv2] [D] [thread 28334] [1.0] [cxt 0] Deparsing header 'ethernet'
[08:14:18.690] [bmv2] [D] [thread 28334] [1.0] [cxt 0] Deparser 'deparser': end
[08:14:18.690] [bmv2] [D] [thread 28334] [2.0] [cxt 0] Pipeline 'egress': start
[08:14:18.690] [bmv2] [D] [thread 28334] [2.0] [cxt 0] Pipeline 'egress': end
[08:14:18.690] [bmv2] [D] [thread 28334] [2.0] [cxt 0] Deparser 'deparser': start
[08:14:18.690] [bmv2] [T] [thread 28334] [2.0] [cxt 0] Skipping checksum 'cksum' update because condition not met
[08:14:18.690] [bmv2] [D] [thread 28334] [2.0] [cxt 0] Deparsing header 'ethernet'
[08:14:18.691] [bmv2] [D] [thread 28334] [2.0] [cxt 0] Deparser 'deparser': end
[08:14:18.691] [bmv2] [D] [thread 28338] [1.0] [cxt 0] Transmitting packet of size 90 out of port 0
[08:14:18.691] [bmv2] [D] [thread 28338] [2.0] [cxt 0] Transmitting packet of size 86 out of port 0
[08:14:18.754] [bmv2] [D] [thread 28333] [3.0] [cxt 0] Processing packet received on port 3
[08:14:18.754] [bmv2] [D] [thread 28333] [3.0] [cxt 0] Parser 'parser': start
[08:14:18.754] [bmv2] [D] [thread 28333] [3.0] [cxt 0] Parser 'parser' entering state 'start'
[08:14:18.754] [bmv2] [D] [thread 28333] [3.0] [cxt 0] Extracting header 'ethernet'
[08:14:18.754] [bmv2] [D] [thread 28333] [3.0] [cxt 0] Parser state 'start': key is 86dd
[08:14:18.754] [bmv2] [T] [thread 28333] [3.0] [cxt 0] Bytes parsed: 14
[08:14:18.754] [bmv2] [D] [thread 28333] [3.0] [cxt 0] Parser 'parser': end
[08:14:18.754] [bmv2] [D] [thread 28333] [3.0] [cxt 0] Pipeline 'ingress': start
[08:14:18.754] [bmv2] [T] [thread 28333] [3.0] [cxt 0] /home/p4/p4-prj/simple-IDS/ids_stateless/p4src/program.p4(230) Condition "hdr.ipv4.isValid()" (node_2) is false
[08:14:18.754] [bmv2] [D] [thread 28333] [3.0] [cxt 0] Pipeline 'ingress': end
[08:14:18.754] [bmv2] [D] [thread 28333] [3.0] [cxt 0] Egress port is 0
[08:14:18.754] [bmv2] [D] [thread 28334] [3.0] [cxt 0] Pipeline 'egress': start
[08:14:18.754] [bmv2] [D] [thread 28334] [3.0] [cxt 0] Pipeline 'egress': end
[08:14:18.754] [bmv2] [D] [thread 28334] [3.0] [cxt 0] Deparser 'deparser': start
[08:14:18.754] [bmv2] [T] [thread 28334] [3.0] [cxt 0] Skipping checksum 'cksum' update because condition not met
[08:14:18.755] [bmv2] [D] [thread 28334] [3.0] [cxt 0] Deparsing header 'ethernet'
[08:14:18.755] [bmv2] [D] [thread 28334] [3.0] [cxt 0] Deparser 'deparser': end
[08:14:18.755] [bmv2] [D] [thread 28338] [3.0] [cxt 0] Transmitting packet of size 86 out of port 0
[08:14:18.818] [bmv2] [D] [thread 28333] [4.0] [cxt 0] Processing packet received on port 2
[08:14:18.818] [bmv2] [D] [thread 28333] [4.0] [cxt 0] Parser 'parser': start
[08:14:18.818] [bmv2] [D] [thread 28333] [4.0] [cxt 0] Parser 'parser' entering state 'start'
[08:14:18.818] [bmv2] [D] [thread 28333] [4.0] [cxt 0] Extracting header 'ethernet'
[08:14:18.818] [bmv2] [D] [thread 28333] [4.0] [cxt 0] Parser state 'start': key is 86dd
[08:14:18.818] [bmv2] [T] [thread 28333] [4.0] [cxt 0] Bytes parsed: 14
[08:14:18.818] [bmv2] [D] [thread 28333] [4.0] [cxt 0] Parser 'parser': end
[08:14:18.818] [bmv2] [D] [thread 28333] [4.0] [cxt 0] Pipeline 'ingress': start
[08:14:18.818] [bmv2] [T] [thread 28333] [4.0] [cxt 0] /home/p4/p4-prj/simple-IDS/ids_stateless/p4src/program.p4(230) Condition "hdr.ipv4.isValid()" (node_2) is false
[08:14:18.818] [bmv2] [D] [thread 28333] [4.0] [cxt 0] Pipeline 'ingress': end
[08:14:18.818] [bmv2] [D] [thread 28333] [4.0] [cxt 0] Egress port is 0
[08:14:18.818] [bmv2] [D] [thread 28334] [4.0] [cxt 0] Pipeline 'egress': start
[08:14:18.818] [bmv2] [D] [thread 28334] [4.0] [cxt 0] Pipeline 'egress': end
[08:14:18.818] [bmv2] [D] [thread 28334] [4.0] [cxt 0] Deparser 'deparser': start
[08:14:18.818] [bmv2] [T] [thread 28334] [4.0] [cxt 0] Skipping checksum 'cksum' update because condition not met
[08:14:18.818] [bmv2] [D] [thread 28334] [4.0] [cxt 0] Deparsing header 'ethernet'
[08:14:18.818] [bmv2] [D] [thread 28334] [4.0] [cxt 0] Deparser 'deparser': end
[08:14:18.818] [bmv2] [D] [thread 28338] [4.0] [cxt 0] Transmitting packet of size 86 out of port 0
[08:14:18.850] [bmv2] [D] [thread 28333] [5.0] [cxt 0] Processing packet received on port 2
[08:14:18.850] [bmv2] [D] [thread 28333] [5.0] [cxt 0] Parser 'parser': start
[08:14:18.850] [bmv2] [D] [thread 28333] [5.0] [cxt 0] Parser 'parser' entering state 'start'
[08:14:18.850] [bmv2] [D] [thread 28333] [5.0] [cxt 0] Extracting header 'ethernet'
[08:14:18.850] [bmv2] [D] [thread 28333] [5.0] [cxt 0] Parser state 'start': key is 86dd
[08:14:18.850] [bmv2] [T] [thread 28333] [5.0] [cxt 0] Bytes parsed: 14
[08:14:18.850] [bmv2] [D] [thread 28333] [5.0] [cxt 0] Parser 'parser': end
[08:14:18.850] [bmv2] [D] [thread 28333] [5.0] [cxt 0] Pipeline 'ingress': start
[08:14:18.850] [bmv2] [T] [thread 28333] [5.0] [cxt 0] /home/p4/p4-prj/simple-IDS/ids_stateless/p4src/program.p4(230) Condition "hdr.ipv4.isValid()" (node_2) is false
[08:14:18.850] [bmv2] [D] [thread 28333] [5.0] [cxt 0] Pipeline 'ingress': end
[08:14:18.850] [bmv2] [D] [thread 28333] [5.0] [cxt 0] Egress port is 0
[08:14:18.850] [bmv2] [D] [thread 28334] [5.0] [cxt 0] Pipeline 'egress': start
[08:14:18.850] [bmv2] [D] [thread 28334] [5.0] [cxt 0] Pipeline 'egress': end
[08:14:18.850] [bmv2] [D] [thread 28334] [5.0] [cxt 0] Deparser 'deparser': start
[08:14:18.850] [bmv2] [T] [thread 28334] [5.0] [cxt 0] Skipping checksum 'cksum' update because condition not met
[08:14:18.850] [bmv2] [D] [thread 28334] [5.0] [cxt 0] Deparsing header 'ethernet'
[08:14:18.850] [bmv2] [D] [thread 28334] [5.0] [cxt 0] Deparser 'deparser': end
[08:14:18.850] [bmv2] [D] [thread 28338] [5.0] [cxt 0] Transmitting packet of size 90 out of port 0
[08:14:18.982] [bmv2] [D] [thread 28333] [6.0] [cxt 0] Processing packet received on port 1
[08:14:18.982] [bmv2] [D] [thread 28333] [6.0] [cxt 0] Parser 'parser': start
[08:14:18.982] [bmv2] [D] [thread 28333] [6.0] [cxt 0] Parser 'parser' entering state 'start'
[08:14:18.982] [bmv2] [D] [thread 28333] [6.0] [cxt 0] Extracting header 'ethernet'
[08:14:18.982] [bmv2] [D] [thread 28333] [6.0] [cxt 0] Parser state 'start': key is 86dd
[08:14:18.982] [bmv2] [T] [thread 28333] [6.0] [cxt 0] Bytes parsed: 14
[08:14:18.982] [bmv2] [D] [thread 28333] [6.0] [cxt 0] Parser 'parser': end
[08:14:18.982] [bmv2] [D] [thread 28333] [6.0] [cxt 0] Pipeline 'ingress': start
[08:14:18.982] [bmv2] [T] [thread 28333] [6.0] [cxt 0] /home/p4/p4-prj/simple-IDS/ids_stateless/p4src/program.p4(230) Condition "hdr.ipv4.isValid()" (node_2) is false
[08:14:18.982] [bmv2] [D] [thread 28333] [6.0] [cxt 0] Pipeline 'ingress': end
[08:14:18.982] [bmv2] [D] [thread 28333] [6.0] [cxt 0] Egress port is 0
[08:14:18.982] [bmv2] [D] [thread 28334] [6.0] [cxt 0] Pipeline 'egress': start
[08:14:18.982] [bmv2] [D] [thread 28334] [6.0] [cxt 0] Pipeline 'egress': end
[08:14:18.982] [bmv2] [D] [thread 28334] [6.0] [cxt 0] Deparser 'deparser': start
[08:14:18.982] [bmv2] [T] [thread 28334] [6.0] [cxt 0] Skipping checksum 'cksum' update because condition not met
[08:14:18.982] [bmv2] [D] [thread 28334] [6.0] [cxt 0] Deparsing header 'ethernet'
[08:14:18.982] [bmv2] [D] [thread 28334] [6.0] [cxt 0] Deparser 'deparser': end
[08:14:18.982] [bmv2] [D] [thread 28338] [6.0] [cxt 0] Transmitting packet of size 90 out of port 0
[08:14:19.179] [bmv2] [T] [thread 28449] bm_get_config
[08:14:19.182] [bmv2] [T] [thread 28449] bm_set_default_action
[08:14:19.182] [bmv2] [D] [thread 28449] Set default entry for table 'IDS_Ingress.ipv4_lpm': IDS_Ingress.drop - 
[08:14:19.183] [bmv2] [T] [thread 28449] bm_table_add_entry
[08:14:19.183] [bmv2] [D] [thread 28449] Entry 0 added to table 'IDS_Ingress.ipv4_lpm'
[08:14:19.183] [bmv2] [D] [thread 28449] Dumping entry 0
Match key:
* hdr.ipv4.dstAddr    : LPM       0a000101/32
Action entry: IDS_Ingress.ipv4_forward - a000101,1,

[08:14:19.183] [bmv2] [T] [thread 28449] bm_table_add_entry
[08:14:19.183] [bmv2] [D] [thread 28449] Entry 1 added to table 'IDS_Ingress.ipv4_lpm'
[08:14:19.183] [bmv2] [D] [thread 28449] Dumping entry 1
Match key:
* hdr.ipv4.dstAddr    : LPM       0a000202/32
Action entry: IDS_Ingress.ipv4_forward - 10a000202,2,

[08:14:19.184] [bmv2] [T] [thread 28449] bm_table_add_entry
[08:14:19.184] [bmv2] [D] [thread 28449] Entry 2 added to table 'IDS_Ingress.ipv4_lpm'
[08:14:19.184] [bmv2] [D] [thread 28449] Dumping entry 2
Match key:
* hdr.ipv4.dstAddr    : LPM       0a000300/24
Action entry: IDS_Ingress.ipv4_forward - 30100,3,

[08:14:19.184] [bmv2] [T] [thread 28449] bm_table_add_entry
[08:14:19.184] [bmv2] [D] [thread 28449] Entry 0 added to table 'IDS_Ingress.signatures'
[08:14:19.184] [bmv2] [D] [thread 28449] Dumping entry 0
Match key:
* hdr.payload.data    : EXACT     04710471
Action entry: IDS_Ingress.signature_hit - 4,

[08:14:19.185] [bmv2] [T] [thread 28449] bm_table_add_entry
[08:14:19.185] [bmv2] [D] [thread 28449] Entry 1 added to table 'IDS_Ingress.signatures'
[08:14:19.185] [bmv2] [D] [thread 28449] Dumping entry 1
Match key:
* hdr.payload.data    : EXACT     03710371
Action entry: IDS_Ingress.signature_hit - 4,

[08:14:39.175] [bmv2] [D] [thread 28333] [7.0] [cxt 0] Processing packet received on port 1
[08:14:39.175] [bmv2] [D] [thread 28333] [7.0] [cxt 0] Parser 'parser': start
[08:14:39.175] [bmv2] [D] [thread 28333] [7.0] [cxt 0] Parser 'parser' entering state 'start'
[08:14:39.175] [bmv2] [D] [thread 28333] [7.0] [cxt 0] Extracting header 'ethernet'
[08:14:39.175] [bmv2] [D] [thread 28333] [7.0] [cxt 0] Parser state 'start': key is 0800
[08:14:39.175] [bmv2] [T] [thread 28333] [7.0] [cxt 0] Bytes parsed: 14
[08:14:39.175] [bmv2] [D] [thread 28333] [7.0] [cxt 0] Parser 'parser' entering state 'ipv4'
[08:14:39.175] [bmv2] [D] [thread 28333] [7.0] [cxt 0] Extracting header 'ipv4'
[08:14:39.175] [bmv2] [D] [thread 28333] [7.0] [cxt 0] Parser state 'ipv4': key is 06
[08:14:39.175] [bmv2] [T] [thread 28333] [7.0] [cxt 0] Bytes parsed: 34
[08:14:39.175] [bmv2] [D] [thread 28333] [7.0] [cxt 0] Parser 'parser' entering state 'tcp'
[08:14:39.175] [bmv2] [D] [thread 28333] [7.0] [cxt 0] Extracting header 'tcp'
[08:14:39.175] [bmv2] [D] [thread 28333] [7.0] [cxt 0] Extracting header 'payload'
[08:14:39.175] [bmv2] [D] [thread 28333] [7.0] [cxt 0] Parser state 'tcp' has no switch, going to default next state
[08:14:39.175] [bmv2] [T] [thread 28333] [7.0] [cxt 0] Bytes parsed: 58
[08:14:39.175] [bmv2] [D] [thread 28333] [7.0] [cxt 0] Parser 'parser': end
[08:14:39.175] [bmv2] [D] [thread 28333] [7.0] [cxt 0] Pipeline 'ingress': start
[08:14:39.175] [bmv2] [T] [thread 28333] [7.0] [cxt 0] /home/p4/p4-prj/simple-IDS/ids_stateless/p4src/program.p4(230) Condition "hdr.ipv4.isValid()" (node_2) is true
[08:14:39.175] [bmv2] [T] [thread 28333] [7.0] [cxt 0] Applying table 'tbl_program232'
[08:14:39.175] [bmv2] [D] [thread 28333] [7.0] [cxt 0] Looking up key:

[08:14:39.175] [bmv2] [D] [thread 28333] [7.0] [cxt 0] Table 'tbl_program232': miss
[08:14:39.175] [bmv2] [D] [thread 28333] [7.0] [cxt 0] Action entry is program232 - 
[08:14:39.175] [bmv2] [T] [thread 28333] [7.0] [cxt 0] Action program232
[08:14:39.175] [bmv2] [T] [thread 28333] [7.0] [cxt 0] /home/p4/p4-prj/simple-IDS/ids_stateless/p4src/program.p4(232) Primitive hash(index, HashAlgorithm.crc32, (bit<16>)0, {hdr.ipv4.srcAddr, hdr.tcp.srcPort, hdr.ipv4.dstAddr, hdr.tcp.dstPort, hdr.ipv4.protocol}, (bit<16>)4096)
[08:14:39.175] [bmv2] [T] [thread 28333] [7.0] [cxt 0] hash(base=0, max=4096) = 1427
[08:14:39.175] [bmv2] [T] [thread 28333] [7.0] [cxt 0] /home/p4/p4-prj/simple-IDS/ids_stateless/p4src/program.p4(234) Primitive blocked_flows.read(blocked, index)
[08:14:39.175] [bmv2] [T] [thread 28333] [7.0] [cxt 0] Read register 'IDS_Ingress.blocked_flows' at index 1427 read value 0
[08:14:39.175] [bmv2] [T] [thread 28333] [7.0] [cxt 0] /home/p4/p4-prj/simple-IDS/ids_stateless/p4src/program.p4(238) Condition "blocked != 1" (node_4) is true
[08:14:39.175] [bmv2] [T] [thread 28333] [7.0] [cxt 0] Applying table 'IDS_Ingress.signatures'
[08:14:39.175] [bmv2] [D] [thread 28333] [7.0] [cxt 0] Looking up key:
* hdr.payload.data    : 04040404

[08:14:39.175] [bmv2] [D] [thread 28333] [7.0] [cxt 0] Table 'IDS_Ingress.signatures': miss
[08:14:39.175] [bmv2] [D] [thread 28333] [7.0] [cxt 0] Action entry is NoAction - 
[08:14:39.175] [bmv2] [T] [thread 28333] [7.0] [cxt 0] Action NoAction
[08:14:39.175] [bmv2] [T] [thread 28333] [7.0] [cxt 0] Applying table 'IDS_Ingress.ipv4_lpm'
[08:14:39.175] [bmv2] [D] [thread 28333] [7.0] [cxt 0] Looking up key:
* hdr.ipv4.dstAddr    : 0a000202

[08:14:39.175] [bmv2] [D] [thread 28333] [7.0] [cxt 0] Table 'IDS_Ingress.ipv4_lpm': hit with handle 1
[08:14:39.175] [bmv2] [D] [thread 28333] [7.0] [cxt 0] Dumping entry 1
Match key:
* hdr.ipv4.dstAddr    : LPM       0a000202/32
Action entry: IDS_Ingress.ipv4_forward - 10a000202,2,

[08:14:39.175] [bmv2] [D] [thread 28333] [7.0] [cxt 0] Action entry is IDS_Ingress.ipv4_forward - 10a000202,2,
[08:14:39.175] [bmv2] [T] [thread 28333] [7.0] [cxt 0] Action IDS_Ingress.ipv4_forward
[08:14:39.175] [bmv2] [T] [thread 28333] [7.0] [cxt 0] /home/p4/p4-prj/simple-IDS/ids_stateless/p4src/program.p4(192) Primitive hdr.ethernet.srcAddr = hdr.ethernet.dstAddr
[08:14:39.175] [bmv2] [T] [thread 28333] [7.0] [cxt 0] /home/p4/p4-prj/simple-IDS/ids_stateless/p4src/program.p4(195) Primitive hdr.ethernet.dstAddr = dstAddr
[08:14:39.175] [bmv2] [T] [thread 28333] [7.0] [cxt 0] /home/p4/p4-prj/simple-IDS/ids_stateless/p4src/program.p4(198) Primitive standard_metadata.egress_spec = port
[08:14:39.175] [bmv2] [T] [thread 28333] [7.0] [cxt 0] /home/p4/p4-prj/simple-IDS/ids_stateless/p4src/program.p4(201) Primitive hdr.ipv4.ttl = hdr.ipv4.ttl - 1
[08:14:39.175] [bmv2] [D] [thread 28333] [7.0] [cxt 0] Pipeline 'ingress': end
[08:14:39.175] [bmv2] [D] [thread 28333] [7.0] [cxt 0] Egress port is 2
[08:14:39.175] [bmv2] [D] [thread 28336] [7.0] [cxt 0] Pipeline 'egress': start
[08:14:39.175] [bmv2] [D] [thread 28336] [7.0] [cxt 0] Pipeline 'egress': end
[08:14:39.175] [bmv2] [D] [thread 28336] [7.0] [cxt 0] Deparser 'deparser': start
[08:14:39.175] [bmv2] [D] [thread 28336] [7.0] [cxt 0] Updating checksum 'cksum'
[08:14:39.175] [bmv2] [D] [thread 28336] [7.0] [cxt 0] Deparsing header 'ethernet'
[08:14:39.175] [bmv2] [D] [thread 28336] [7.0] [cxt 0] Deparsing header 'ipv4'
[08:14:39.176] [bmv2] [D] [thread 28336] [7.0] [cxt 0] Deparsing header 'tcp'
[08:14:39.176] [bmv2] [D] [thread 28336] [7.0] [cxt 0] Deparsing header 'payload'
[08:14:39.176] [bmv2] [D] [thread 28336] [7.0] [cxt 0] Deparser 'deparser': end
[08:14:39.176] [bmv2] [D] [thread 28338] [7.0] [cxt 0] Transmitting packet of size 58 out of port 2
[08:14:39.180] [bmv2] [D] [thread 28333] [8.0] [cxt 0] Processing packet received on port 2
[08:14:39.180] [bmv2] [D] [thread 28333] [8.0] [cxt 0] Parser 'parser': start
[08:14:39.180] [bmv2] [D] [thread 28333] [8.0] [cxt 0] Parser 'parser' entering state 'start'
[08:14:39.180] [bmv2] [D] [thread 28333] [8.0] [cxt 0] Extracting header 'ethernet'
[08:14:39.180] [bmv2] [D] [thread 28333] [8.0] [cxt 0] Parser state 'start': key is 0800
[08:14:39.180] [bmv2] [T] [thread 28333] [8.0] [cxt 0] Bytes parsed: 14
[08:14:39.180] [bmv2] [D] [thread 28333] [8.0] [cxt 0] Parser 'parser' entering state 'ipv4'
[08:14:39.180] [bmv2] [D] [thread 28333] [8.0] [cxt 0] Extracting header 'ipv4'
[08:14:39.180] [bmv2] [D] [thread 28333] [8.0] [cxt 0] Parser state 'ipv4': key is 06
[08:14:39.180] [bmv2] [T] [thread 28333] [8.0] [cxt 0] Bytes parsed: 34
[08:14:39.180] [bmv2] [D] [thread 28333] [8.0] [cxt 0] Parser 'parser' entering state 'tcp'
[08:14:39.180] [bmv2] [D] [thread 28333] [8.0] [cxt 0] Extracting header 'tcp'
[08:14:39.180] [bmv2] [D] [thread 28333] [8.0] [cxt 0] Extracting header 'payload'
[08:14:39.180] [bmv2] [E] [thread 28333] [8.0] [cxt 0] Exception while parsing: PacketTooShort
[08:14:39.180] [bmv2] [D] [thread 28333] [8.0] [cxt 0] Parser 'parser': end
[08:14:39.180] [bmv2] [D] [thread 28333] [8.0] [cxt 0] Pipeline 'ingress': start
[08:14:39.180] [bmv2] [T] [thread 28333] [8.0] [cxt 0] /home/p4/p4-prj/simple-IDS/ids_stateless/p4src/program.p4(230) Condition "hdr.ipv4.isValid()" (node_2) is true
[08:14:39.180] [bmv2] [T] [thread 28333] [8.0] [cxt 0] Applying table 'tbl_program232'
[08:14:39.180] [bmv2] [D] [thread 28333] [8.0] [cxt 0] Looking up key:

[08:14:39.180] [bmv2] [D] [thread 28333] [8.0] [cxt 0] Table 'tbl_program232': miss
[08:14:39.180] [bmv2] [D] [thread 28333] [8.0] [cxt 0] Action entry is program232 - 
[08:14:39.180] [bmv2] [T] [thread 28333] [8.0] [cxt 0] Action program232
[08:14:39.180] [bmv2] [T] [thread 28333] [8.0] [cxt 0] /home/p4/p4-prj/simple-IDS/ids_stateless/p4src/program.p4(232) Primitive hash(index, HashAlgorithm.crc32, (bit<16>)0, {hdr.ipv4.srcAddr, hdr.tcp.srcPort, hdr.ipv4.dstAddr, hdr.tcp.dstPort, hdr.ipv4.protocol}, (bit<16>)4096)
[08:14:39.180] [bmv2] [T] [thread 28333] [8.0] [cxt 0] hash(base=0, max=4096) = 2115
[08:14:39.180] [bmv2] [T] [thread 28333] [8.0] [cxt 0] /home/p4/p4-prj/simple-IDS/ids_stateless/p4src/program.p4(234) Primitive blocked_flows.read(blocked, index)
[08:14:39.180] [bmv2] [T] [thread 28333] [8.0] [cxt 0] Read register 'IDS_Ingress.blocked_flows' at index 2115 read value 0
[08:14:39.180] [bmv2] [T] [thread 28333] [8.0] [cxt 0] /home/p4/p4-prj/simple-IDS/ids_stateless/p4src/program.p4(238) Condition "blocked != 1" (node_4) is true
[08:14:39.180] [bmv2] [T] [thread 28333] [8.0] [cxt 0] Applying table 'IDS_Ingress.signatures'
[08:14:39.180] [bmv2] [D] [thread 28333] [8.0] [cxt 0] Looking up key:
* hdr.payload.data    : 00000000

[08:14:39.180] [bmv2] [D] [thread 28333] [8.0] [cxt 0] Table 'IDS_Ingress.signatures': miss
[08:14:39.180] [bmv2] [D] [thread 28333] [8.0] [cxt 0] Action entry is NoAction - 
[08:14:39.180] [bmv2] [T] [thread 28333] [8.0] [cxt 0] Action NoAction
[08:14:39.180] [bmv2] [T] [thread 28333] [8.0] [cxt 0] Applying table 'IDS_Ingress.ipv4_lpm'
[08:14:39.180] [bmv2] [D] [thread 28333] [8.0] [cxt 0] Looking up key:
* hdr.ipv4.dstAddr    : 0a000101

[08:14:39.180] [bmv2] [D] [thread 28333] [8.0] [cxt 0] Table 'IDS_Ingress.ipv4_lpm': hit with handle 0
[08:14:39.180] [bmv2] [D] [thread 28333] [8.0] [cxt 0] Dumping entry 0
Match key:
* hdr.ipv4.dstAddr    : LPM       0a000101/32
Action entry: IDS_Ingress.ipv4_forward - a000101,1,

[08:14:39.180] [bmv2] [D] [thread 28333] [8.0] [cxt 0] Action entry is IDS_Ingress.ipv4_forward - a000101,1,
[08:14:39.180] [bmv2] [T] [thread 28333] [8.0] [cxt 0] Action IDS_Ingress.ipv4_forward
[08:14:39.180] [bmv2] [T] [thread 28333] [8.0] [cxt 0] /home/p4/p4-prj/simple-IDS/ids_stateless/p4src/program.p4(192) Primitive hdr.ethernet.srcAddr = hdr.ethernet.dstAddr
[08:14:39.180] [bmv2] [T] [thread 28333] [8.0] [cxt 0] /home/p4/p4-prj/simple-IDS/ids_stateless/p4src/program.p4(195) Primitive hdr.ethernet.dstAddr = dstAddr
[08:14:39.180] [bmv2] [T] [thread 28333] [8.0] [cxt 0] /home/p4/p4-prj/simple-IDS/ids_stateless/p4src/program.p4(198) Primitive standard_metadata.egress_spec = port
[08:14:39.180] [bmv2] [T] [thread 28333] [8.0] [cxt 0] /home/p4/p4-prj/simple-IDS/ids_stateless/p4src/program.p4(201) Primitive hdr.ipv4.ttl = hdr.ipv4.ttl - 1
[08:14:39.180] [bmv2] [D] [thread 28333] [8.0] [cxt 0] Pipeline 'ingress': end
[08:14:39.180] [bmv2] [D] [thread 28333] [8.0] [cxt 0] Egress port is 1
[08:14:39.180] [bmv2] [D] [thread 28335] [8.0] [cxt 0] Pipeline 'egress': start
[08:14:39.180] [bmv2] [D] [thread 28335] [8.0] [cxt 0] Pipeline 'egress': end
[08:14:39.180] [bmv2] [D] [thread 28335] [8.0] [cxt 0] Deparser 'deparser': start
[08:14:39.181] [bmv2] [D] [thread 28335] [8.0] [cxt 0] Updating checksum 'cksum'
[08:14:39.181] [bmv2] [D] [thread 28335] [8.0] [cxt 0] Deparsing header 'ethernet'
[08:14:39.181] [bmv2] [D] [thread 28335] [8.0] [cxt 0] Deparsing header 'ipv4'
[08:14:39.181] [bmv2] [D] [thread 28335] [8.0] [cxt 0] Deparsing header 'tcp'
[08:14:39.181] [bmv2] [D] [thread 28335] [8.0] [cxt 0] Deparser 'deparser': end
[08:14:39.181] [bmv2] [D] [thread 28338] [8.0] [cxt 0] Transmitting packet of size 54 out of port 1
[08:14:39.211] [bmv2] [D] [thread 28333] [9.0] [cxt 0] Processing packet received on port 1
[08:14:39.211] [bmv2] [D] [thread 28333] [9.0] [cxt 0] Parser 'parser': start
[08:14:39.211] [bmv2] [D] [thread 28333] [9.0] [cxt 0] Parser 'parser' entering state 'start'
[08:14:39.211] [bmv2] [D] [thread 28333] [9.0] [cxt 0] Extracting header 'ethernet'
[08:14:39.211] [bmv2] [D] [thread 28333] [9.0] [cxt 0] Parser state 'start': key is 0800
[08:14:39.211] [bmv2] [T] [thread 28333] [9.0] [cxt 0] Bytes parsed: 14
[08:14:39.211] [bmv2] [D] [thread 28333] [9.0] [cxt 0] Parser 'parser' entering state 'ipv4'
[08:14:39.211] [bmv2] [D] [thread 28333] [9.0] [cxt 0] Extracting header 'ipv4'
[08:14:39.211] [bmv2] [D] [thread 28333] [9.0] [cxt 0] Parser state 'ipv4': key is 06
[08:14:39.211] [bmv2] [T] [thread 28333] [9.0] [cxt 0] Bytes parsed: 34
[08:14:39.211] [bmv2] [D] [thread 28333] [9.0] [cxt 0] Parser 'parser' entering state 'tcp'
[08:14:39.211] [bmv2] [D] [thread 28333] [9.0] [cxt 0] Extracting header 'tcp'
[08:14:39.211] [bmv2] [D] [thread 28333] [9.0] [cxt 0] Extracting header 'payload'
[08:14:39.211] [bmv2] [D] [thread 28333] [9.0] [cxt 0] Parser state 'tcp' has no switch, going to default next state
[08:14:39.211] [bmv2] [T] [thread 28333] [9.0] [cxt 0] Bytes parsed: 58
[08:14:39.211] [bmv2] [D] [thread 28333] [9.0] [cxt 0] Parser 'parser': end
[08:14:39.211] [bmv2] [D] [thread 28333] [9.0] [cxt 0] Pipeline 'ingress': start
[08:14:39.211] [bmv2] [T] [thread 28333] [9.0] [cxt 0] /home/p4/p4-prj/simple-IDS/ids_stateless/p4src/program.p4(230) Condition "hdr.ipv4.isValid()" (node_2) is true
[08:14:39.211] [bmv2] [T] [thread 28333] [9.0] [cxt 0] Applying table 'tbl_program232'
[08:14:39.211] [bmv2] [D] [thread 28333] [9.0] [cxt 0] Looking up key:

[08:14:39.211] [bmv2] [D] [thread 28333] [9.0] [cxt 0] Table 'tbl_program232': miss
[08:14:39.211] [bmv2] [D] [thread 28333] [9.0] [cxt 0] Action entry is program232 - 
[08:14:39.211] [bmv2] [T] [thread 28333] [9.0] [cxt 0] Action program232
[08:14:39.211] [bmv2] [T] [thread 28333] [9.0] [cxt 0] /home/p4/p4-prj/simple-IDS/ids_stateless/p4src/program.p4(232) Primitive hash(index, HashAlgorithm.crc32, (bit<16>)0, {hdr.ipv4.srcAddr, hdr.tcp.srcPort, hdr.ipv4.dstAddr, hdr.tcp.dstPort, hdr.ipv4.protocol}, (bit<16>)4096)
[08:14:39.211] [bmv2] [T] [thread 28333] [9.0] [cxt 0] hash(base=0, max=4096) = 1427
[08:14:39.211] [bmv2] [T] [thread 28333] [9.0] [cxt 0] /home/p4/p4-prj/simple-IDS/ids_stateless/p4src/program.p4(234) Primitive blocked_flows.read(blocked, index)
[08:14:39.211] [bmv2] [T] [thread 28333] [9.0] [cxt 0] Read register 'IDS_Ingress.blocked_flows' at index 1427 read value 0
[08:14:39.211] [bmv2] [T] [thread 28333] [9.0] [cxt 0] /home/p4/p4-prj/simple-IDS/ids_stateless/p4src/program.p4(238) Condition "blocked != 1" (node_4) is true
[08:14:39.211] [bmv2] [T] [thread 28333] [9.0] [cxt 0] Applying table 'IDS_Ingress.signatures'
[08:14:39.211] [bmv2] [D] [thread 28333] [9.0] [cxt 0] Looking up key:
* hdr.payload.data    : 04710471

[08:14:39.211] [bmv2] [D] [thread 28333] [9.0] [cxt 0] Table 'IDS_Ingress.signatures': hit with handle 0
[08:14:39.211] [bmv2] [D] [thread 28333] [9.0] [cxt 0] Dumping entry 0
Match key:
* hdr.payload.data    : EXACT     04710471
Action entry: IDS_Ingress.signature_hit - 4,

[08:14:39.212] [bmv2] [D] [thread 28333] [9.0] [cxt 0] Action entry is IDS_Ingress.signature_hit - 4,
[08:14:39.212] [bmv2] [T] [thread 28333] [9.0] [cxt 0] Action IDS_Ingress.signature_hit
[08:14:39.212] [bmv2] [T] [thread 28333] [9.0] [cxt 0] /home/p4/p4-prj/simple-IDS/ids_stateless/p4src/program.p4(149) Primitive hash(index, HashAlgorithm.crc32, (bit<16>)0, {hdr.ipv4.srcAddr, hdr.tcp.srcPort, hdr.ipv4.dstAddr, hdr.tcp.dstPort, hdr.ipv4.protocol}, (bit<16>)4096)
[08:14:39.212] [bmv2] [T] [thread 28333] [9.0] [cxt 0] hash(base=0, max=4096) = 1427
[08:14:39.212] [bmv2] [T] [thread 28333] [9.0] [cxt 0] /home/p4/p4-prj/simple-IDS/ids_stateless/p4src/program.p4(150) Primitive blocked_flows.write(index, 1)
[08:14:39.212] [bmv2] [T] [thread 28333] [9.0] [cxt 0] Wrote register 'IDS_Ingress.blocked_flows' at index 1427 with value 1
[08:14:39.212] [bmv2] [T] [thread 28333] [9.0] [cxt 0] /home/p4/p4-prj/simple-IDS/ids_stateless/p4src/program.p4(152) Primitive counters.read(prev, index)
[08:14:39.212] [bmv2] [T] [thread 28333] [9.0] [cxt 0] Read register 'IDS_Ingress.counters' at index 1427 read value 0
[08:14:39.212] [bmv2] [T] [thread 28333] [9.0] [cxt 0] /home/p4/p4-prj/simple-IDS/ids_stateless/p4src/program.p4(153) Primitive prev + 1
[08:14:39.212] [bmv2] [T] [thread 28333] [9.0] [cxt 0] /home/p4/p4-prj/simple-IDS/ids_stateless/p4src/program.p4(153) Primitive counters.write(index, prev + 1)
[08:14:39.212] [bmv2] [T] [thread 28333] [9.0] [cxt 0] Wrote register 'IDS_Ingress.counters' at index 1427 with value 1
[08:14:39.212] [bmv2] [T] [thread 28333] [9.0] [cxt 0] /home/p4/p4-prj/simple-IDS/ids_stateless/p4src/program.p4(154) Primitive standard_metadata.egress_spec = egress_port
[08:14:39.212] [bmv2] [D] [thread 28333] [9.0] [cxt 0] Pipeline 'ingress': end
[08:14:39.212] [bmv2] [D] [thread 28333] [9.0] [cxt 0] Egress port is 4
[08:14:39.212] [bmv2] [D] [thread 28334] [9.0] [cxt 0] Pipeline 'egress': start
[08:14:39.212] [bmv2] [D] [thread 28334] [9.0] [cxt 0] Pipeline 'egress': end
[08:14:39.212] [bmv2] [D] [thread 28334] [9.0] [cxt 0] Deparser 'deparser': start
[08:14:39.212] [bmv2] [D] [thread 28334] [9.0] [cxt 0] Updating checksum 'cksum'
[08:14:39.212] [bmv2] [D] [thread 28334] [9.0] [cxt 0] Deparsing header 'ethernet'
[08:14:39.212] [bmv2] [D] [thread 28334] [9.0] [cxt 0] Deparsing header 'ipv4'
[08:14:39.212] [bmv2] [D] [thread 28334] [9.0] [cxt 0] Deparsing header 'tcp'
[08:14:39.212] [bmv2] [D] [thread 28334] [9.0] [cxt 0] Deparsing header 'payload'
[08:14:39.212] [bmv2] [D] [thread 28334] [9.0] [cxt 0] Deparser 'deparser': end
[08:14:39.212] [bmv2] [D] [thread 28338] [9.0] [cxt 0] Transmitting packet of size 58 out of port 4
[08:14:39.263] [bmv2] [D] [thread 28333] [10.0] [cxt 0] Processing packet received on port 1
[08:14:39.263] [bmv2] [D] [thread 28333] [10.0] [cxt 0] Parser 'parser': start
[08:14:39.263] [bmv2] [D] [thread 28333] [10.0] [cxt 0] Parser 'parser' entering state 'start'
[08:14:39.263] [bmv2] [D] [thread 28333] [10.0] [cxt 0] Extracting header 'ethernet'
[08:14:39.263] [bmv2] [D] [thread 28333] [10.0] [cxt 0] Parser state 'start': key is 0800
[08:14:39.263] [bmv2] [T] [thread 28333] [10.0] [cxt 0] Bytes parsed: 14
[08:14:39.263] [bmv2] [D] [thread 28333] [10.0] [cxt 0] Parser 'parser' entering state 'ipv4'
[08:14:39.263] [bmv2] [D] [thread 28333] [10.0] [cxt 0] Extracting header 'ipv4'
[08:14:39.263] [bmv2] [D] [thread 28333] [10.0] [cxt 0] Parser state 'ipv4': key is 06
[08:14:39.263] [bmv2] [T] [thread 28333] [10.0] [cxt 0] Bytes parsed: 34
[08:14:39.263] [bmv2] [D] [thread 28333] [10.0] [cxt 0] Parser 'parser' entering state 'tcp'
[08:14:39.263] [bmv2] [D] [thread 28333] [10.0] [cxt 0] Extracting header 'tcp'
[08:14:39.263] [bmv2] [D] [thread 28333] [10.0] [cxt 0] Extracting header 'payload'
[08:14:39.263] [bmv2] [D] [thread 28333] [10.0] [cxt 0] Parser state 'tcp' has no switch, going to default next state
[08:14:39.263] [bmv2] [T] [thread 28333] [10.0] [cxt 0] Bytes parsed: 58
[08:14:39.263] [bmv2] [D] [thread 28333] [10.0] [cxt 0] Parser 'parser': end
[08:14:39.263] [bmv2] [D] [thread 28333] [10.0] [cxt 0] Pipeline 'ingress': start
[08:14:39.263] [bmv2] [T] [thread 28333] [10.0] [cxt 0] /home/p4/p4-prj/simple-IDS/ids_stateless/p4src/program.p4(230) Condition "hdr.ipv4.isValid()" (node_2) is true
[08:14:39.263] [bmv2] [T] [thread 28333] [10.0] [cxt 0] Applying table 'tbl_program232'
[08:14:39.263] [bmv2] [D] [thread 28333] [10.0] [cxt 0] Looking up key:

[08:14:39.263] [bmv2] [D] [thread 28333] [10.0] [cxt 0] Table 'tbl_program232': miss
[08:14:39.263] [bmv2] [D] [thread 28333] [10.0] [cxt 0] Action entry is program232 - 
[08:14:39.263] [bmv2] [T] [thread 28333] [10.0] [cxt 0] Action program232
[08:14:39.263] [bmv2] [T] [thread 28333] [10.0] [cxt 0] /home/p4/p4-prj/simple-IDS/ids_stateless/p4src/program.p4(232) Primitive hash(index, HashAlgorithm.crc32, (bit<16>)0, {hdr.ipv4.srcAddr, hdr.tcp.srcPort, hdr.ipv4.dstAddr, hdr.tcp.dstPort, hdr.ipv4.protocol}, (bit<16>)4096)
[08:14:39.263] [bmv2] [T] [thread 28333] [10.0] [cxt 0] hash(base=0, max=4096) = 164
[08:14:39.263] [bmv2] [T] [thread 28333] [10.0] [cxt 0] /home/p4/p4-prj/simple-IDS/ids_stateless/p4src/program.p4(234) Primitive blocked_flows.read(blocked, index)
[08:14:39.263] [bmv2] [T] [thread 28333] [10.0] [cxt 0] Read register 'IDS_Ingress.blocked_flows' at index 164 read value 0
[08:14:39.263] [bmv2] [T] [thread 28333] [10.0] [cxt 0] /home/p4/p4-prj/simple-IDS/ids_stateless/p4src/program.p4(238) Condition "blocked != 1" (node_4) is true
[08:14:39.263] [bmv2] [T] [thread 28333] [10.0] [cxt 0] Applying table 'IDS_Ingress.signatures'
[08:14:39.263] [bmv2] [D] [thread 28333] [10.0] [cxt 0] Looking up key:
* hdr.payload.data    : 03710371

[08:14:39.263] [bmv2] [D] [thread 28333] [10.0] [cxt 0] Table 'IDS_Ingress.signatures': hit with handle 1
[08:14:39.263] [bmv2] [D] [thread 28333] [10.0] [cxt 0] Dumping entry 1
Match key:
* hdr.payload.data    : EXACT     03710371
Action entry: IDS_Ingress.signature_hit - 4,

[08:14:39.263] [bmv2] [D] [thread 28333] [10.0] [cxt 0] Action entry is IDS_Ingress.signature_hit - 4,
[08:14:39.263] [bmv2] [T] [thread 28333] [10.0] [cxt 0] Action IDS_Ingress.signature_hit
[08:14:39.263] [bmv2] [T] [thread 28333] [10.0] [cxt 0] /home/p4/p4-prj/simple-IDS/ids_stateless/p4src/program.p4(149) Primitive hash(index, HashAlgorithm.crc32, (bit<16>)0, {hdr.ipv4.srcAddr, hdr.tcp.srcPort, hdr.ipv4.dstAddr, hdr.tcp.dstPort, hdr.ipv4.protocol}, (bit<16>)4096)
[08:14:39.263] [bmv2] [T] [thread 28333] [10.0] [cxt 0] hash(base=0, max=4096) = 164
[08:14:39.263] [bmv2] [T] [thread 28333] [10.0] [cxt 0] /home/p4/p4-prj/simple-IDS/ids_stateless/p4src/program.p4(150) Primitive blocked_flows.write(index, 1)
[08:14:39.263] [bmv2] [T] [thread 28333] [10.0] [cxt 0] Wrote register 'IDS_Ingress.blocked_flows' at index 164 with value 1
[08:14:39.263] [bmv2] [T] [thread 28333] [10.0] [cxt 0] /home/p4/p4-prj/simple-IDS/ids_stateless/p4src/program.p4(152) Primitive counters.read(prev, index)
[08:14:39.263] [bmv2] [T] [thread 28333] [10.0] [cxt 0] Read register 'IDS_Ingress.counters' at index 164 read value 0
[08:14:39.263] [bmv2] [T] [thread 28333] [10.0] [cxt 0] /home/p4/p4-prj/simple-IDS/ids_stateless/p4src/program.p4(153) Primitive prev + 1
[08:14:39.263] [bmv2] [T] [thread 28333] [10.0] [cxt 0] /home/p4/p4-prj/simple-IDS/ids_stateless/p4src/program.p4(153) Primitive counters.write(index, prev + 1)
[08:14:39.263] [bmv2] [T] [thread 28333] [10.0] [cxt 0] Wrote register 'IDS_Ingress.counters' at index 164 with value 1
[08:14:39.263] [bmv2] [T] [thread 28333] [10.0] [cxt 0] /home/p4/p4-prj/simple-IDS/ids_stateless/p4src/program.p4(154) Primitive standard_metadata.egress_spec = egress_port
[08:14:39.263] [bmv2] [D] [thread 28333] [10.0] [cxt 0] Pipeline 'ingress': end
[08:14:39.263] [bmv2] [D] [thread 28333] [10.0] [cxt 0] Egress port is 4
[08:14:39.263] [bmv2] [D] [thread 28334] [10.0] [cxt 0] Pipeline 'egress': start
[08:14:39.263] [bmv2] [D] [thread 28334] [10.0] [cxt 0] Pipeline 'egress': end
[08:14:39.264] [bmv2] [D] [thread 28334] [10.0] [cxt 0] Deparser 'deparser': start
[08:14:39.264] [bmv2] [D] [thread 28334] [10.0] [cxt 0] Updating checksum 'cksum'
[08:14:39.264] [bmv2] [D] [thread 28334] [10.0] [cxt 0] Deparsing header 'ethernet'
[08:14:39.264] [bmv2] [D] [thread 28334] [10.0] [cxt 0] Deparsing header 'ipv4'
[08:14:39.264] [bmv2] [D] [thread 28334] [10.0] [cxt 0] Deparsing header 'tcp'
[08:14:39.264] [bmv2] [D] [thread 28334] [10.0] [cxt 0] Deparsing header 'payload'
[08:14:39.264] [bmv2] [D] [thread 28334] [10.0] [cxt 0] Deparser 'deparser': end
[08:14:39.264] [bmv2] [D] [thread 28338] [10.0] [cxt 0] Transmitting packet of size 58 out of port 4
[08:14:39.311] [bmv2] [D] [thread 28333] [11.0] [cxt 0] Processing packet received on port 1
[08:14:39.311] [bmv2] [D] [thread 28333] [11.0] [cxt 0] Parser 'parser': start
[08:14:39.311] [bmv2] [D] [thread 28333] [11.0] [cxt 0] Parser 'parser' entering state 'start'
[08:14:39.311] [bmv2] [D] [thread 28333] [11.0] [cxt 0] Extracting header 'ethernet'
[08:14:39.311] [bmv2] [D] [thread 28333] [11.0] [cxt 0] Parser state 'start': key is 0800
[08:14:39.311] [bmv2] [T] [thread 28333] [11.0] [cxt 0] Bytes parsed: 14
[08:14:39.311] [bmv2] [D] [thread 28333] [11.0] [cxt 0] Parser 'parser' entering state 'ipv4'
[08:14:39.311] [bmv2] [D] [thread 28333] [11.0] [cxt 0] Extracting header 'ipv4'
[08:14:39.311] [bmv2] [D] [thread 28333] [11.0] [cxt 0] Parser state 'ipv4': key is 06
[08:14:39.311] [bmv2] [T] [thread 28333] [11.0] [cxt 0] Bytes parsed: 34
[08:14:39.311] [bmv2] [D] [thread 28333] [11.0] [cxt 0] Parser 'parser' entering state 'tcp'
[08:14:39.311] [bmv2] [D] [thread 28333] [11.0] [cxt 0] Extracting header 'tcp'
[08:14:39.311] [bmv2] [D] [thread 28333] [11.0] [cxt 0] Extracting header 'payload'
[08:14:39.311] [bmv2] [D] [thread 28333] [11.0] [cxt 0] Parser state 'tcp' has no switch, going to default next state
[08:14:39.311] [bmv2] [T] [thread 28333] [11.0] [cxt 0] Bytes parsed: 58
[08:14:39.311] [bmv2] [D] [thread 28333] [11.0] [cxt 0] Parser 'parser': end
[08:14:39.311] [bmv2] [D] [thread 28333] [11.0] [cxt 0] Pipeline 'ingress': start
[08:14:39.311] [bmv2] [T] [thread 28333] [11.0] [cxt 0] /home/p4/p4-prj/simple-IDS/ids_stateless/p4src/program.p4(230) Condition "hdr.ipv4.isValid()" (node_2) is true
[08:14:39.311] [bmv2] [T] [thread 28333] [11.0] [cxt 0] Applying table 'tbl_program232'
[08:14:39.311] [bmv2] [D] [thread 28333] [11.0] [cxt 0] Looking up key:

[08:14:39.311] [bmv2] [D] [thread 28333] [11.0] [cxt 0] Table 'tbl_program232': miss
[08:14:39.311] [bmv2] [D] [thread 28333] [11.0] [cxt 0] Action entry is program232 - 
[08:14:39.311] [bmv2] [T] [thread 28333] [11.0] [cxt 0] Action program232
[08:14:39.311] [bmv2] [T] [thread 28333] [11.0] [cxt 0] /home/p4/p4-prj/simple-IDS/ids_stateless/p4src/program.p4(232) Primitive hash(index, HashAlgorithm.crc32, (bit<16>)0, {hdr.ipv4.srcAddr, hdr.tcp.srcPort, hdr.ipv4.dstAddr, hdr.tcp.dstPort, hdr.ipv4.protocol}, (bit<16>)4096)
[08:14:39.311] [bmv2] [T] [thread 28333] [11.0] [cxt 0] hash(base=0, max=4096) = 164
[08:14:39.311] [bmv2] [T] [thread 28333] [11.0] [cxt 0] /home/p4/p4-prj/simple-IDS/ids_stateless/p4src/program.p4(234) Primitive blocked_flows.read(blocked, index)
[08:14:39.311] [bmv2] [T] [thread 28333] [11.0] [cxt 0] Read register 'IDS_Ingress.blocked_flows' at index 164 read value 1
[08:14:39.311] [bmv2] [T] [thread 28333] [11.0] [cxt 0] /home/p4/p4-prj/simple-IDS/ids_stateless/p4src/program.p4(238) Condition "blocked != 1" (node_4) is false
[08:14:39.311] [bmv2] [T] [thread 28333] [11.0] [cxt 0] Applying table 'IDS_Ingress.increment_cnt'
[08:14:39.311] [bmv2] [D] [thread 28333] [11.0] [cxt 0] Looking up key:

[08:14:39.311] [bmv2] [D] [thread 28333] [11.0] [cxt 0] Table 'IDS_Ingress.increment_cnt': miss
[08:14:39.311] [bmv2] [D] [thread 28333] [11.0] [cxt 0] Action entry is IDS_Ingress.increment_counter - 
[08:14:39.311] [bmv2] [T] [thread 28333] [11.0] [cxt 0] Action IDS_Ingress.increment_counter
[08:14:39.311] [bmv2] [T] [thread 28333] [11.0] [cxt 0] /home/p4/p4-prj/simple-IDS/ids_stateless/p4src/program.p4(136) Primitive hash(index, HashAlgorithm.crc32, (bit<16>)0, {hdr.ipv4.srcAddr, hdr.tcp.srcPort, hdr.ipv4.dstAddr, hdr.tcp.dstPort, hdr.ipv4.protocol}, (bit<16>)4096)
[08:14:39.311] [bmv2] [T] [thread 28333] [11.0] [cxt 0] hash(base=0, max=4096) = 164
[08:14:39.311] [bmv2] [T] [thread 28333] [11.0] [cxt 0] /home/p4/p4-prj/simple-IDS/ids_stateless/p4src/program.p4(138) Primitive counters.read(prev, index)
[08:14:39.311] [bmv2] [T] [thread 28333] [11.0] [cxt 0] Read register 'IDS_Ingress.counters' at index 164 read value 1
[08:14:39.311] [bmv2] [T] [thread 28333] [11.0] [cxt 0] /home/p4/p4-prj/simple-IDS/ids_stateless/p4src/program.p4(139) Primitive prev + 1
[08:14:39.311] [bmv2] [T] [thread 28333] [11.0] [cxt 0] /home/p4/p4-prj/simple-IDS/ids_stateless/p4src/program.p4(139) Primitive counters.write(index, prev + 1)
[08:14:39.312] [bmv2] [T] [thread 28333] [11.0] [cxt 0] Wrote register 'IDS_Ingress.counters' at index 164 with value 2
[08:14:39.312] [bmv2] [T] [thread 28333] [11.0] [cxt 0] Applying table 'IDS_Ingress.drop_pkt'
[08:14:39.312] [bmv2] [D] [thread 28333] [11.0] [cxt 0] Looking up key:

[08:14:39.312] [bmv2] [D] [thread 28333] [11.0] [cxt 0] Table 'IDS_Ingress.drop_pkt': miss
[08:14:39.312] [bmv2] [D] [thread 28333] [11.0] [cxt 0] Action entry is IDS_Ingress.drop - 
[08:14:39.312] [bmv2] [T] [thread 28333] [11.0] [cxt 0] Action IDS_Ingress.drop
[08:14:39.312] [bmv2] [T] [thread 28333] [11.0] [cxt 0] /home/p4/p4-prj/simple-IDS/ids_stateless/p4src/program.p4(143) Primitive mark_to_drop(standard_metadata)
[08:14:39.312] [bmv2] [D] [thread 28333] [11.0] [cxt 0] Pipeline 'ingress': end
[08:14:39.312] [bmv2] [D] [thread 28333] [11.0] [cxt 0] Egress port is 511
[08:14:39.312] [bmv2] [D] [thread 28333] [11.0] [cxt 0] Dropping packet at the end of ingress
[08:14:39.347] [bmv2] [D] [thread 28333] [12.0] [cxt 0] Processing packet received on port 1
[08:14:39.347] [bmv2] [D] [thread 28333] [12.0] [cxt 0] Parser 'parser': start
[08:14:39.347] [bmv2] [D] [thread 28333] [12.0] [cxt 0] Parser 'parser' entering state 'start'
[08:14:39.347] [bmv2] [D] [thread 28333] [12.0] [cxt 0] Extracting header 'ethernet'
[08:14:39.347] [bmv2] [D] [thread 28333] [12.0] [cxt 0] Parser state 'start': key is 0800
[08:14:39.347] [bmv2] [T] [thread 28333] [12.0] [cxt 0] Bytes parsed: 14
[08:14:39.347] [bmv2] [D] [thread 28333] [12.0] [cxt 0] Parser 'parser' entering state 'ipv4'
[08:14:39.347] [bmv2] [D] [thread 28333] [12.0] [cxt 0] Extracting header 'ipv4'
[08:14:39.347] [bmv2] [D] [thread 28333] [12.0] [cxt 0] Parser state 'ipv4': key is 06
[08:14:39.347] [bmv2] [T] [thread 28333] [12.0] [cxt 0] Bytes parsed: 34
[08:14:39.347] [bmv2] [D] [thread 28333] [12.0] [cxt 0] Parser 'parser' entering state 'tcp'
[08:14:39.347] [bmv2] [D] [thread 28333] [12.0] [cxt 0] Extracting header 'tcp'
[08:14:39.347] [bmv2] [D] [thread 28333] [12.0] [cxt 0] Extracting header 'payload'
[08:14:39.347] [bmv2] [D] [thread 28333] [12.0] [cxt 0] Parser state 'tcp' has no switch, going to default next state
[08:14:39.347] [bmv2] [T] [thread 28333] [12.0] [cxt 0] Bytes parsed: 58
[08:14:39.347] [bmv2] [D] [thread 28333] [12.0] [cxt 0] Parser 'parser': end
[08:14:39.347] [bmv2] [D] [thread 28333] [12.0] [cxt 0] Pipeline 'ingress': start
[08:14:39.347] [bmv2] [T] [thread 28333] [12.0] [cxt 0] /home/p4/p4-prj/simple-IDS/ids_stateless/p4src/program.p4(230) Condition "hdr.ipv4.isValid()" (node_2) is true
[08:14:39.347] [bmv2] [T] [thread 28333] [12.0] [cxt 0] Applying table 'tbl_program232'
[08:14:39.347] [bmv2] [D] [thread 28333] [12.0] [cxt 0] Looking up key:

[08:14:39.347] [bmv2] [D] [thread 28333] [12.0] [cxt 0] Table 'tbl_program232': miss
[08:14:39.347] [bmv2] [D] [thread 28333] [12.0] [cxt 0] Action entry is program232 - 
[08:14:39.347] [bmv2] [T] [thread 28333] [12.0] [cxt 0] Action program232
[08:14:39.347] [bmv2] [T] [thread 28333] [12.0] [cxt 0] /home/p4/p4-prj/simple-IDS/ids_stateless/p4src/program.p4(232) Primitive hash(index, HashAlgorithm.crc32, (bit<16>)0, {hdr.ipv4.srcAddr, hdr.tcp.srcPort, hdr.ipv4.dstAddr, hdr.tcp.dstPort, hdr.ipv4.protocol}, (bit<16>)4096)
[08:14:39.347] [bmv2] [T] [thread 28333] [12.0] [cxt 0] hash(base=0, max=4096) = 1427
[08:14:39.347] [bmv2] [T] [thread 28333] [12.0] [cxt 0] /home/p4/p4-prj/simple-IDS/ids_stateless/p4src/program.p4(234) Primitive blocked_flows.read(blocked, index)
[08:14:39.347] [bmv2] [T] [thread 28333] [12.0] [cxt 0] Read register 'IDS_Ingress.blocked_flows' at index 1427 read value 1
[08:14:39.347] [bmv2] [T] [thread 28333] [12.0] [cxt 0] /home/p4/p4-prj/simple-IDS/ids_stateless/p4src/program.p4(238) Condition "blocked != 1" (node_4) is false
[08:14:39.347] [bmv2] [T] [thread 28333] [12.0] [cxt 0] Applying table 'IDS_Ingress.increment_cnt'
[08:14:39.347] [bmv2] [D] [thread 28333] [12.0] [cxt 0] Looking up key:

[08:14:39.347] [bmv2] [D] [thread 28333] [12.0] [cxt 0] Table 'IDS_Ingress.increment_cnt': miss
[08:14:39.347] [bmv2] [D] [thread 28333] [12.0] [cxt 0] Action entry is IDS_Ingress.increment_counter - 
[08:14:39.347] [bmv2] [T] [thread 28333] [12.0] [cxt 0] Action IDS_Ingress.increment_counter
[08:14:39.347] [bmv2] [T] [thread 28333] [12.0] [cxt 0] /home/p4/p4-prj/simple-IDS/ids_stateless/p4src/program.p4(136) Primitive hash(index, HashAlgorithm.crc32, (bit<16>)0, {hdr.ipv4.srcAddr, hdr.tcp.srcPort, hdr.ipv4.dstAddr, hdr.tcp.dstPort, hdr.ipv4.protocol}, (bit<16>)4096)
[08:14:39.347] [bmv2] [T] [thread 28333] [12.0] [cxt 0] hash(base=0, max=4096) = 1427
[08:14:39.347] [bmv2] [T] [thread 28333] [12.0] [cxt 0] /home/p4/p4-prj/simple-IDS/ids_stateless/p4src/program.p4(138) Primitive counters.read(prev, index)
[08:14:39.347] [bmv2] [T] [thread 28333] [12.0] [cxt 0] Read register 'IDS_Ingress.counters' at index 1427 read value 1
[08:14:39.347] [bmv2] [T] [thread 28333] [12.0] [cxt 0] /home/p4/p4-prj/simple-IDS/ids_stateless/p4src/program.p4(139) Primitive prev + 1
[08:14:39.347] [bmv2] [T] [thread 28333] [12.0] [cxt 0] /home/p4/p4-prj/simple-IDS/ids_stateless/p4src/program.p4(139) Primitive counters.write(index, prev + 1)
[08:14:39.347] [bmv2] [T] [thread 28333] [12.0] [cxt 0] Wrote register 'IDS_Ingress.counters' at index 1427 with value 2
[08:14:39.347] [bmv2] [T] [thread 28333] [12.0] [cxt 0] Applying table 'IDS_Ingress.drop_pkt'
[08:14:39.347] [bmv2] [D] [thread 28333] [12.0] [cxt 0] Looking up key:

[08:14:39.347] [bmv2] [D] [thread 28333] [12.0] [cxt 0] Table 'IDS_Ingress.drop_pkt': miss
[08:14:39.347] [bmv2] [D] [thread 28333] [12.0] [cxt 0] Action entry is IDS_Ingress.drop - 
[08:14:39.347] [bmv2] [T] [thread 28333] [12.0] [cxt 0] Action IDS_Ingress.drop
[08:14:39.347] [bmv2] [T] [thread 28333] [12.0] [cxt 0] /home/p4/p4-prj/simple-IDS/ids_stateless/p4src/program.p4(143) Primitive mark_to_drop(standard_metadata)
[08:14:39.347] [bmv2] [D] [thread 28333] [12.0] [cxt 0] Pipeline 'ingress': end
[08:14:39.347] [bmv2] [D] [thread 28333] [12.0] [cxt 0] Egress port is 511
[08:14:39.347] [bmv2] [D] [thread 28333] [12.0] [cxt 0] Dropping packet at the end of ingress
[08:14:43.509] [bmv2] [T] [thread 28783] bm_get_config
[08:14:43.510] [bmv2] [T] [thread 28783] bm_mt_get_entries
[08:14:43.511] [bmv2] [T] [thread 28783] bm_mt_get_entries
[08:14:43.512] [bmv2] [T] [thread 28783] bm_register_read_all
open: No such file or directory
